<?xml version="1.0" encoding="UTF-8"?>
<!-- Generated by org.testng.reporters.JUnitReportReporter -->
<testsuite hostname="TyS-PC" failures="0" tests="1" name="company.cawstudios.assignment.DynamicTableHandling" time="2.508" errors="0" timestamp="2024-01-06T03:09:09 IST" skipped="0">
  <testcase classname="company.cawstudios.assignment.DynamicTableHandling" name="dynamicTableHandlingTest" time="2.508"/>
</testsuite> <!-- company.cawstudios.assignment.DynamicTableHandling -->
